<?xml version="1.0" encoding="UTF-8"?>
<!DOCTYPE properties SYSTEM "http://java.sun.com/dtd/properties.dtd">
<properties>

	<entry key="EnableLoadData">false</entry>
	 
	<entry key="TDSSessionDBName">simsbacsession</entry>
	<entry key="ItembankDBName">simsbacitembank</entry>
	<entry key="TDSArchiveDBName">archive</entry>
	<entry key="TDSConfigsDBName">simsbacconfigs</entry>
	<entry key="DBDialect">MYSQL</entry>
	
	<entry key="jdbc.url">jdbc:mysql://127.0.0.1:3306</entry>
    <entry key="jdbc.userName">root</entry>
    <entry key="jdbc.password">root</entry>
	
	<entry key="AdditionalUrlParm">?useServerPrepStmts=false&amp;rewriteBatchedStatements=true</entry>
	<entry key="keepSchema">true</entry>
	   
	<entry key="unitTests.useHardCodedBaseline">false</entry>
</properties>